2022-05-16 00:07:48 [restartedMain] INFO  com.kiran.demo.BankingApplication -
				Starting BankingApplication using Java 16.0.2 on LTIN290478 with PID 36616 (C:\Users\2072064\OneDrive - Cognizant\Desktop\Final\FinalBankingApplication\FinalBankingApplication\target\classes started by 2072064 in C:\Users\2072064\OneDrive - Cognizant\Desktop\Final\FinalBankingApplication\FinalBankingApplication)
2022-05-16 00:07:48 [restartedMain] DEBUG com.kiran.demo.BankingApplication -
				Running with Spring Boot v2.6.6, Spring v5.3.18
2022-05-16 00:07:48 [restartedMain] INFO  com.kiran.demo.BankingApplication -
				No active profile set, falling back to 1 default profile: "default"
2022-05-16 00:07:49 [restartedMain] INFO  com.kiran.demo.BankingApplication -
				Started BankingApplication in 0.647 seconds (JVM running for 3420.625)
2022-05-16 00:07:50 [http-nio-8080-exec-3] DEBUG c.k.demo.controller.loginController -
				Successfully Posted all Details of Customer 
2022-05-16 00:07:51 [http-nio-8080-exec-4] DEBUG c.k.demo.controller.loginController -
				Successfully Posted all Details of Customer 
2022-05-16 00:07:52 [http-nio-8080-exec-5] DEBUG c.k.demo.controller.loginController -
				Successfully Posted all Details of Customer 
2022-05-16 00:08:06 [restartedMain] INFO  com.kiran.demo.BankingApplication -
				Starting BankingApplication using Java 16.0.2 on LTIN290478 with PID 36616 (C:\Users\2072064\OneDrive - Cognizant\Desktop\Final\FinalBankingApplication\FinalBankingApplication\target\classes started by 2072064 in C:\Users\2072064\OneDrive - Cognizant\Desktop\Final\FinalBankingApplication\FinalBankingApplication)
2022-05-16 00:08:06 [restartedMain] DEBUG com.kiran.demo.BankingApplication -
				Running with Spring Boot v2.6.6, Spring v5.3.18
2022-05-16 00:08:06 [restartedMain] INFO  com.kiran.demo.BankingApplication -
				No active profile set, falling back to 1 default profile: "default"
2022-05-16 00:08:06 [restartedMain] INFO  com.kiran.demo.BankingApplication -
				Started BankingApplication in 0.832 seconds (JVM running for 3438.595)
2022-05-16 00:08:07 [http-nio-8080-exec-2] DEBUG c.k.demo.controller.loginController -
				Successfully Posted all Details of Customer 
2022-05-16 00:08:09 [http-nio-8080-exec-4] DEBUG c.k.demo.controller.loginController -
				Successfully Posted all Details of Customer 
2022-05-16 00:08:10 [http-nio-8080-exec-6] DEBUG c.k.demo.controller.loginController -
				Successfully Posted all Details of Customer 
2022-05-16 00:08:41 [restartedMain] INFO  com.kiran.demo.BankingApplication -
				Starting BankingApplication using Java 16.0.2 on LTIN290478 with PID 36616 (C:\Users\2072064\OneDrive - Cognizant\Desktop\Final\FinalBankingApplication\FinalBankingApplication\target\classes started by 2072064 in C:\Users\2072064\OneDrive - Cognizant\Desktop\Final\FinalBankingApplication\FinalBankingApplication)
2022-05-16 00:08:41 [restartedMain] DEBUG com.kiran.demo.BankingApplication -
				Running with Spring Boot v2.6.6, Spring v5.3.18
2022-05-16 00:08:41 [restartedMain] INFO  com.kiran.demo.BankingApplication -
				No active profile set, falling back to 1 default profile: "default"
2022-05-16 00:08:42 [restartedMain] INFO  com.kiran.demo.BankingApplication -
				Started BankingApplication in 0.684 seconds (JVM running for 3474.101)
2022-05-16 00:08:45 [http-nio-8080-exec-2] DEBUG c.k.demo.controller.loginController -
				Successfully Posted all Details of Customer 
2022-05-16 00:08:47 [http-nio-8080-exec-4] DEBUG c.k.demo.controller.loginController -
				Successfully Posted all Details of Customer 
2022-05-16 00:09:20 [restartedMain] INFO  com.kiran.demo.BankingApplication -
				Starting BankingApplication using Java 16.0.2 on LTIN290478 with PID 36616 (C:\Users\2072064\OneDrive - Cognizant\Desktop\Final\FinalBankingApplication\FinalBankingApplication\target\classes started by 2072064 in C:\Users\2072064\OneDrive - Cognizant\Desktop\Final\FinalBankingApplication\FinalBankingApplication)
2022-05-16 00:09:20 [restartedMain] DEBUG com.kiran.demo.BankingApplication -
				Running with Spring Boot v2.6.6, Spring v5.3.18
2022-05-16 00:09:20 [restartedMain] INFO  com.kiran.demo.BankingApplication -
				No active profile set, falling back to 1 default profile: "default"
2022-05-16 00:09:20 [restartedMain] INFO  com.kiran.demo.BankingApplication -
				Started BankingApplication in 0.641 seconds (JVM running for 3512.589)
2022-05-16 00:09:21 [http-nio-8080-exec-2] DEBUG c.k.demo.controller.loginController -
				Successfully Posted all Details of Customer 
2022-05-16 00:40:31 [http-nio-8080-exec-5] DEBUG c.k.demo.controller.loginController -
				Successfully Posted all Details of Customer 
2022-05-16 00:41:45 [restartedMain] INFO  com.kiran.demo.BankingApplication -
				Starting BankingApplication using Java 16.0.2 on LTIN290478 with PID 36616 (C:\Users\2072064\OneDrive - Cognizant\Desktop\Final\FinalBankingApplication\FinalBankingApplication\target\classes started by 2072064 in C:\Users\2072064\OneDrive - Cognizant\Desktop\Final\FinalBankingApplication\FinalBankingApplication)
2022-05-16 00:41:45 [restartedMain] DEBUG com.kiran.demo.BankingApplication -
				Running with Spring Boot v2.6.6, Spring v5.3.18
2022-05-16 00:41:45 [restartedMain] INFO  com.kiran.demo.BankingApplication -
				No active profile set, falling back to 1 default profile: "default"
2022-05-16 00:41:46 [restartedMain] INFO  com.kiran.demo.BankingApplication -
				Started BankingApplication in 0.909 seconds (JVM running for 5458.449)
2022-05-16 00:41:54 [http-nio-8080-exec-1] DEBUG c.k.demo.controller.loginController -
				Get Cutomer details By Account Id 
2022-05-16 00:42:00 [http-nio-8080-exec-4] DEBUG c.k.demo.controller.loginController -
				 Transfering of Money is Successfull
2022-05-16 00:42:09 [http-nio-8080-exec-5] DEBUG c.k.demo.controller.loginController -
				 Providing the Account Statement 
