2022-05-15 23:02:52 [restartedMain] ERROR o.s.b.d.LoggingFailureAnalysisReporter -
				

***************************
APPLICATION FAILED TO START
***************************

Description:

Field agecheck in com.kiran.demo.service.addCustomerService required a bean of type 'com.kiran.demo.service.AgeCheckService' that could not be found.

The injection point has the following annotations:
	- @org.springframework.beans.factory.annotation.Autowired(required=true)


Action:

Consider defining a bean of type 'com.kiran.demo.service.AgeCheckService' in your configuration.

2022-05-15 23:05:27 [restartedMain] ERROR o.s.b.d.LoggingFailureAnalysisReporter -
				

***************************
APPLICATION FAILED TO START
***************************

Description:

Field agecheck in com.kiran.demo.service.addCustomerService required a bean of type 'com.kiran.demo.service.AgeCheckService' that could not be found.

The injection point has the following annotations:
	- @org.springframework.beans.factory.annotation.Autowired(required=true)


Action:

Consider defining a bean of type 'com.kiran.demo.service.AgeCheckService' in your configuration.

2022-05-15 23:08:47 [restartedMain] ERROR o.s.b.d.LoggingFailureAnalysisReporter -
				

***************************
APPLICATION FAILED TO START
***************************

Description:

Field agecheck in com.kiran.demo.service.addCustomerService required a bean of type 'com.kiran.demo.service.AgeCheckService' that could not be found.

The injection point has the following annotations:
	- @org.springframework.beans.factory.annotation.Autowired(required=true)


Action:

Consider defining a bean of type 'com.kiran.demo.service.AgeCheckService' in your configuration.

