2022-05-15 18:20:28 [restartedMain] INFO  com.kiran.demo.BankingApplication -
				Starting BankingApplication using Java 16.0.2 on LTIN290478 with PID 7700 (C:\Users\2072064\OneDrive - Cognizant\Desktop\Final\FinalBankingApplication\FinalBankingApplication\target\classes started by 2072064 in C:\Users\2072064\OneDrive - Cognizant\Desktop\Final\FinalBankingApplication\FinalBankingApplication)
2022-05-15 18:20:28 [restartedMain] DEBUG com.kiran.demo.BankingApplication -
				Running with Spring Boot v2.6.6, Spring v5.3.18
2022-05-15 18:20:28 [restartedMain] INFO  com.kiran.demo.BankingApplication -
				No active profile set, falling back to 1 default profile: "default"
2022-05-15 18:20:28 [restartedMain] INFO  com.kiran.demo.BankingApplication -
				Started BankingApplication in 0.715 seconds (JVM running for 156031.162)
2022-05-15 22:11:55 [restartedMain] INFO  com.kiran.demo.BankingApplication -
				Starting BankingApplication using Java 16.0.2 on LTIN290478 with PID 7700 (C:\Users\2072064\OneDrive - Cognizant\Desktop\Final\FinalBankingApplication\FinalBankingApplication\target\classes started by 2072064 in C:\Users\2072064\OneDrive - Cognizant\Desktop\Final\FinalBankingApplication\FinalBankingApplication)
2022-05-15 22:11:55 [restartedMain] DEBUG com.kiran.demo.BankingApplication -
				Running with Spring Boot v2.6.6, Spring v5.3.18
2022-05-15 22:11:55 [restartedMain] INFO  com.kiran.demo.BankingApplication -
				No active profile set, falling back to 1 default profile: "default"
2022-05-15 22:11:56 [restartedMain] INFO  com.kiran.demo.BankingApplication -
				Started BankingApplication in 0.969 seconds (JVM running for 169918.631)
2022-05-15 22:12:31 [restartedMain] INFO  com.kiran.demo.BankingApplication -
				Starting BankingApplication using Java 16.0.2 on LTIN290478 with PID 7700 (C:\Users\2072064\OneDrive - Cognizant\Desktop\Final\FinalBankingApplication\FinalBankingApplication\target\classes started by 2072064 in C:\Users\2072064\OneDrive - Cognizant\Desktop\Final\FinalBankingApplication\FinalBankingApplication)
2022-05-15 22:12:31 [restartedMain] DEBUG com.kiran.demo.BankingApplication -
				Running with Spring Boot v2.6.6, Spring v5.3.18
2022-05-15 22:12:31 [restartedMain] INFO  com.kiran.demo.BankingApplication -
				No active profile set, falling back to 1 default profile: "default"
2022-05-15 22:12:32 [restartedMain] INFO  com.kiran.demo.BankingApplication -
				Started BankingApplication in 0.717 seconds (JVM running for 169954.976)
2022-05-15 22:17:26 [restartedMain] INFO  com.kiran.demo.BankingApplication -
				Starting BankingApplication using Java 16.0.2 on LTIN290478 with PID 7700 (C:\Users\2072064\OneDrive - Cognizant\Desktop\Final\FinalBankingApplication\FinalBankingApplication\target\classes started by 2072064 in C:\Users\2072064\OneDrive - Cognizant\Desktop\Final\FinalBankingApplication\FinalBankingApplication)
2022-05-15 22:17:26 [restartedMain] DEBUG com.kiran.demo.BankingApplication -
				Running with Spring Boot v2.6.6, Spring v5.3.18
2022-05-15 22:17:26 [restartedMain] INFO  com.kiran.demo.BankingApplication -
				No active profile set, falling back to 1 default profile: "default"
2022-05-15 22:17:27 [restartedMain] INFO  com.kiran.demo.BankingApplication -
				Started BankingApplication in 0.679 seconds (JVM running for 170249.949)
2022-05-15 22:35:56 [restartedMain] INFO  com.kiran.demo.BankingApplication -
				Starting BankingApplication using Java 16.0.2 on LTIN290478 with PID 7700 (C:\Users\2072064\OneDrive - Cognizant\Desktop\Final\FinalBankingApplication\FinalBankingApplication\target\classes started by 2072064 in C:\Users\2072064\OneDrive - Cognizant\Desktop\Final\FinalBankingApplication\FinalBankingApplication)
2022-05-15 22:35:56 [restartedMain] DEBUG com.kiran.demo.BankingApplication -
				Running with Spring Boot v2.6.6, Spring v5.3.18
2022-05-15 22:35:56 [restartedMain] INFO  com.kiran.demo.BankingApplication -
				No active profile set, falling back to 1 default profile: "default"
2022-05-15 22:35:57 [restartedMain] INFO  com.kiran.demo.BankingApplication -
				Started BankingApplication in 0.577 seconds (JVM running for 171359.785)
2022-05-15 22:37:41 [restartedMain] INFO  com.kiran.demo.BankingApplication -
				Starting BankingApplication using Java 16.0.2 on LTIN290478 with PID 7700 (C:\Users\2072064\OneDrive - Cognizant\Desktop\Final\FinalBankingApplication\FinalBankingApplication\target\classes started by 2072064 in C:\Users\2072064\OneDrive - Cognizant\Desktop\Final\FinalBankingApplication\FinalBankingApplication)
2022-05-15 22:37:41 [restartedMain] DEBUG com.kiran.demo.BankingApplication -
				Running with Spring Boot v2.6.6, Spring v5.3.18
2022-05-15 22:37:41 [restartedMain] INFO  com.kiran.demo.BankingApplication -
				No active profile set, falling back to 1 default profile: "default"
2022-05-15 22:37:41 [restartedMain] INFO  com.kiran.demo.BankingApplication -
				Started BankingApplication in 0.6 seconds (JVM running for 171463.891)
2022-05-15 22:59:24 [restartedMain] INFO  com.kiran.demo.BankingApplication -
				Starting BankingApplication using Java 16.0.2 on LTIN290478 with PID 7700 (C:\Users\2072064\OneDrive - Cognizant\Desktop\Final\FinalBankingApplication\FinalBankingApplication\target\classes started by 2072064 in C:\Users\2072064\OneDrive - Cognizant\Desktop\Final\FinalBankingApplication\FinalBankingApplication)
2022-05-15 22:59:24 [restartedMain] DEBUG com.kiran.demo.BankingApplication -
				Running with Spring Boot v2.6.6, Spring v5.3.18
2022-05-15 22:59:24 [restartedMain] INFO  com.kiran.demo.BankingApplication -
				No active profile set, falling back to 1 default profile: "default"
2022-05-15 22:59:24 [restartedMain] INFO  com.kiran.demo.BankingApplication -
				Started BankingApplication in 0.575 seconds (JVM running for 172767.297)
2022-05-15 23:00:11 [restartedMain] INFO  com.kiran.demo.BankingApplication -
				Starting BankingApplication using Java 16.0.2 on LTIN290478 with PID 7700 (C:\Users\2072064\OneDrive - Cognizant\Desktop\Final\FinalBankingApplication\FinalBankingApplication\target\classes started by 2072064 in C:\Users\2072064\OneDrive - Cognizant\Desktop\Final\FinalBankingApplication\FinalBankingApplication)
2022-05-15 23:00:11 [restartedMain] DEBUG com.kiran.demo.BankingApplication -
				Running with Spring Boot v2.6.6, Spring v5.3.18
2022-05-15 23:00:11 [restartedMain] INFO  com.kiran.demo.BankingApplication -
				No active profile set, falling back to 1 default profile: "default"
2022-05-15 23:00:12 [restartedMain] INFO  com.kiran.demo.BankingApplication -
				Started BankingApplication in 0.557 seconds (JVM running for 172814.819)
2022-05-15 23:01:22 [restartedMain] INFO  com.kiran.demo.BankingApplication -
				Starting BankingApplication using Java 16.0.2 on LTIN290478 with PID 7700 (C:\Users\2072064\OneDrive - Cognizant\Desktop\Final\FinalBankingApplication\FinalBankingApplication\target\classes started by 2072064 in C:\Users\2072064\OneDrive - Cognizant\Desktop\Final\FinalBankingApplication\FinalBankingApplication)
2022-05-15 23:01:22 [restartedMain] DEBUG com.kiran.demo.BankingApplication -
				Running with Spring Boot v2.6.6, Spring v5.3.18
2022-05-15 23:01:22 [restartedMain] INFO  com.kiran.demo.BankingApplication -
				No active profile set, falling back to 1 default profile: "default"
2022-05-15 23:01:23 [restartedMain] INFO  com.kiran.demo.BankingApplication -
				Started BankingApplication in 0.565 seconds (JVM running for 172885.367)
2022-05-15 23:02:51 [restartedMain] INFO  com.kiran.demo.BankingApplication -
				Starting BankingApplication using Java 16.0.2 on LTIN290478 with PID 7700 (C:\Users\2072064\OneDrive - Cognizant\Desktop\Final\FinalBankingApplication\FinalBankingApplication\target\classes started by 2072064 in C:\Users\2072064\OneDrive - Cognizant\Desktop\Final\FinalBankingApplication\FinalBankingApplication)
2022-05-15 23:02:51 [restartedMain] DEBUG com.kiran.demo.BankingApplication -
				Running with Spring Boot v2.6.6, Spring v5.3.18
2022-05-15 23:02:51 [restartedMain] INFO  com.kiran.demo.BankingApplication -
				No active profile set, falling back to 1 default profile: "default"
2022-05-15 23:05:23 [restartedMain] INFO  com.kiran.demo.BankingApplication -
				Starting BankingApplication using Java 16.0.2 on LTIN290478 with PID 37172 (C:\Users\2072064\OneDrive - Cognizant\Desktop\Final\FinalBankingApplication\FinalBankingApplication\target\classes started by 2072064 in C:\Users\2072064\OneDrive - Cognizant\Desktop\Final\FinalBankingApplication\FinalBankingApplication)
2022-05-15 23:05:23 [restartedMain] DEBUG com.kiran.demo.BankingApplication -
				Running with Spring Boot v2.6.6, Spring v5.3.18
2022-05-15 23:05:23 [restartedMain] INFO  com.kiran.demo.BankingApplication -
				No active profile set, falling back to 1 default profile: "default"
2022-05-15 23:08:43 [restartedMain] INFO  com.kiran.demo.BankingApplication -
				Starting BankingApplication using Java 16.0.2 on LTIN290478 with PID 3060 (C:\Users\2072064\OneDrive - Cognizant\Desktop\Final\FinalBankingApplication\FinalBankingApplication\target\classes started by 2072064 in C:\Users\2072064\OneDrive - Cognizant\Desktop\Final\FinalBankingApplication\FinalBankingApplication)
2022-05-15 23:08:43 [restartedMain] DEBUG com.kiran.demo.BankingApplication -
				Running with Spring Boot v2.6.6, Spring v5.3.18
2022-05-15 23:08:43 [restartedMain] INFO  com.kiran.demo.BankingApplication -
				No active profile set, falling back to 1 default profile: "default"
2022-05-15 23:10:49 [restartedMain] INFO  com.kiran.demo.BankingApplication -
				Starting BankingApplication using Java 16.0.2 on LTIN290478 with PID 36616 (C:\Users\2072064\OneDrive - Cognizant\Desktop\Final\FinalBankingApplication\FinalBankingApplication\target\classes started by 2072064 in C:\Users\2072064\OneDrive - Cognizant\Desktop\Final\FinalBankingApplication\FinalBankingApplication)
2022-05-15 23:10:49 [restartedMain] DEBUG com.kiran.demo.BankingApplication -
				Running with Spring Boot v2.6.6, Spring v5.3.18
2022-05-15 23:10:49 [restartedMain] INFO  com.kiran.demo.BankingApplication -
				No active profile set, falling back to 1 default profile: "default"
2022-05-15 23:10:53 [restartedMain] INFO  com.kiran.demo.BankingApplication -
				Started BankingApplication in 4.282 seconds (JVM running for 5.157)
2022-05-15 23:12:31 [restartedMain] INFO  com.kiran.demo.BankingApplication -
				Starting BankingApplication using Java 16.0.2 on LTIN290478 with PID 36616 (C:\Users\2072064\OneDrive - Cognizant\Desktop\Final\FinalBankingApplication\FinalBankingApplication\target\classes started by 2072064 in C:\Users\2072064\OneDrive - Cognizant\Desktop\Final\FinalBankingApplication\FinalBankingApplication)
2022-05-15 23:12:31 [restartedMain] DEBUG com.kiran.demo.BankingApplication -
				Running with Spring Boot v2.6.6, Spring v5.3.18
2022-05-15 23:12:31 [restartedMain] INFO  com.kiran.demo.BankingApplication -
				No active profile set, falling back to 1 default profile: "default"
2022-05-15 23:12:31 [restartedMain] INFO  com.kiran.demo.BankingApplication -
				Started BankingApplication in 0.773 seconds (JVM running for 103.432)
2022-05-15 23:12:45 [restartedMain] INFO  com.kiran.demo.BankingApplication -
				Starting BankingApplication using Java 16.0.2 on LTIN290478 with PID 36616 (C:\Users\2072064\OneDrive - Cognizant\Desktop\Final\FinalBankingApplication\FinalBankingApplication\target\classes started by 2072064 in C:\Users\2072064\OneDrive - Cognizant\Desktop\Final\FinalBankingApplication\FinalBankingApplication)
2022-05-15 23:12:45 [restartedMain] DEBUG com.kiran.demo.BankingApplication -
				Running with Spring Boot v2.6.6, Spring v5.3.18
2022-05-15 23:12:45 [restartedMain] INFO  com.kiran.demo.BankingApplication -
				No active profile set, falling back to 1 default profile: "default"
2022-05-15 23:12:46 [restartedMain] INFO  com.kiran.demo.BankingApplication -
				Started BankingApplication in 0.719 seconds (JVM running for 118.173)
2022-05-15 23:13:59 [http-nio-8080-exec-1] DEBUG c.k.demo.controller.loginController -
				Successfully Posted all Details of Customer 
2022-05-15 23:16:18 [http-nio-8080-exec-6] DEBUG c.k.demo.controller.loginController -
				 Provide All customer details 
2022-05-15 23:16:18 [http-nio-8080-exec-6] DEBUG c.k.demo.service.addCustomerService -
				 Get all Customer Details
2022-05-15 23:16:18 [http-nio-8080-exec-6] INFO  c.k.demo.service.addCustomerService -
				 Successfully got all customer Details 
2022-05-15 23:16:30 [http-nio-8080-exec-5] DEBUG c.k.demo.controller.loginController -
				Successfully Posted all Details of Customer 
2022-05-15 23:16:40 [http-nio-8080-exec-4] DEBUG c.k.demo.controller.loginController -
				Successfully Posted all Details of Customer 
2022-05-15 23:16:43 [http-nio-8080-exec-8] DEBUG c.k.demo.controller.loginController -
				 Provide All customer details 
2022-05-15 23:16:43 [http-nio-8080-exec-8] DEBUG c.k.demo.service.addCustomerService -
				 Get all Customer Details
2022-05-15 23:16:43 [http-nio-8080-exec-8] INFO  c.k.demo.service.addCustomerService -
				 Successfully got all customer Details 
2022-05-15 23:36:49 [http-nio-8080-exec-2] DEBUG c.k.demo.controller.loginController -
				Successfully Posted all Details of Customer 
2022-05-15 23:37:41 [restartedMain] INFO  com.kiran.demo.BankingApplication -
				Starting BankingApplication using Java 16.0.2 on LTIN290478 with PID 36616 (C:\Users\2072064\OneDrive - Cognizant\Desktop\Final\FinalBankingApplication\FinalBankingApplication\target\classes started by 2072064 in C:\Users\2072064\OneDrive - Cognizant\Desktop\Final\FinalBankingApplication\FinalBankingApplication)
2022-05-15 23:37:41 [restartedMain] DEBUG com.kiran.demo.BankingApplication -
				Running with Spring Boot v2.6.6, Spring v5.3.18
2022-05-15 23:37:41 [restartedMain] INFO  com.kiran.demo.BankingApplication -
				No active profile set, falling back to 1 default profile: "default"
2022-05-15 23:37:41 [restartedMain] INFO  com.kiran.demo.BankingApplication -
				Started BankingApplication in 0.673 seconds (JVM running for 1613.31)
2022-05-15 23:37:43 [http-nio-8080-exec-2] DEBUG c.k.demo.controller.loginController -
				Successfully Posted all Details of Customer 
2022-05-15 23:38:12 [restartedMain] INFO  com.kiran.demo.BankingApplication -
				Starting BankingApplication using Java 16.0.2 on LTIN290478 with PID 36616 (C:\Users\2072064\OneDrive - Cognizant\Desktop\Final\FinalBankingApplication\FinalBankingApplication\target\classes started by 2072064 in C:\Users\2072064\OneDrive - Cognizant\Desktop\Final\FinalBankingApplication\FinalBankingApplication)
2022-05-15 23:38:12 [restartedMain] DEBUG com.kiran.demo.BankingApplication -
				Running with Spring Boot v2.6.6, Spring v5.3.18
2022-05-15 23:38:12 [restartedMain] INFO  com.kiran.demo.BankingApplication -
				No active profile set, falling back to 1 default profile: "default"
2022-05-15 23:38:13 [restartedMain] INFO  com.kiran.demo.BankingApplication -
				Started BankingApplication in 0.746 seconds (JVM running for 1644.623)
2022-05-15 23:38:13 [http-nio-8080-exec-5] DEBUG c.k.demo.controller.loginController -
				Successfully Posted all Details of Customer 
2022-05-15 23:38:15 [http-nio-8080-exec-1] DEBUG c.k.demo.controller.loginController -
				Successfully Posted all Details of Customer 
2022-05-15 23:38:51 [restartedMain] INFO  com.kiran.demo.BankingApplication -
				Starting BankingApplication using Java 16.0.2 on LTIN290478 with PID 36616 (C:\Users\2072064\OneDrive - Cognizant\Desktop\Final\FinalBankingApplication\FinalBankingApplication\target\classes started by 2072064 in C:\Users\2072064\OneDrive - Cognizant\Desktop\Final\FinalBankingApplication\FinalBankingApplication)
2022-05-15 23:38:51 [restartedMain] DEBUG com.kiran.demo.BankingApplication -
				Running with Spring Boot v2.6.6, Spring v5.3.18
2022-05-15 23:38:51 [restartedMain] INFO  com.kiran.demo.BankingApplication -
				No active profile set, falling back to 1 default profile: "default"
2022-05-15 23:38:52 [restartedMain] INFO  com.kiran.demo.BankingApplication -
				Started BankingApplication in 0.934 seconds (JVM running for 1684.196)
2022-05-15 23:39:01 [http-nio-8080-exec-2] DEBUG c.k.demo.controller.loginController -
				Successfully Posted all Details of Customer 
2022-05-15 23:52:23 [restartedMain] INFO  com.kiran.demo.BankingApplication -
				Starting BankingApplication using Java 16.0.2 on LTIN290478 with PID 36616 (C:\Users\2072064\OneDrive - Cognizant\Desktop\Final\FinalBankingApplication\FinalBankingApplication\target\classes started by 2072064 in C:\Users\2072064\OneDrive - Cognizant\Desktop\Final\FinalBankingApplication\FinalBankingApplication)
2022-05-15 23:52:23 [restartedMain] DEBUG com.kiran.demo.BankingApplication -
				Running with Spring Boot v2.6.6, Spring v5.3.18
2022-05-15 23:52:23 [restartedMain] INFO  com.kiran.demo.BankingApplication -
				No active profile set, falling back to 1 default profile: "default"
2022-05-15 23:52:23 [restartedMain] INFO  com.kiran.demo.BankingApplication -
				Started BankingApplication in 0.657 seconds (JVM running for 2495.385)
2022-05-15 23:52:28 [http-nio-8080-exec-2] DEBUG c.k.demo.controller.loginController -
				Successfully Posted all Details of Customer 
2022-05-15 23:52:43 [restartedMain] INFO  com.kiran.demo.BankingApplication -
				Starting BankingApplication using Java 16.0.2 on LTIN290478 with PID 36616 (C:\Users\2072064\OneDrive - Cognizant\Desktop\Final\FinalBankingApplication\FinalBankingApplication\target\classes started by 2072064 in C:\Users\2072064\OneDrive - Cognizant\Desktop\Final\FinalBankingApplication\FinalBankingApplication)
2022-05-15 23:52:43 [restartedMain] DEBUG com.kiran.demo.BankingApplication -
				Running with Spring Boot v2.6.6, Spring v5.3.18
2022-05-15 23:52:43 [restartedMain] INFO  com.kiran.demo.BankingApplication -
				No active profile set, falling back to 1 default profile: "default"
2022-05-15 23:52:44 [restartedMain] INFO  com.kiran.demo.BankingApplication -
				Started BankingApplication in 0.637 seconds (JVM running for 2515.937)
2022-05-15 23:52:44 [http-nio-8080-exec-2] DEBUG c.k.demo.controller.loginController -
				Successfully Posted all Details of Customer 
2022-05-15 23:53:07 [restartedMain] INFO  com.kiran.demo.BankingApplication -
				Starting BankingApplication using Java 16.0.2 on LTIN290478 with PID 36616 (C:\Users\2072064\OneDrive - Cognizant\Desktop\Final\FinalBankingApplication\FinalBankingApplication\target\classes started by 2072064 in C:\Users\2072064\OneDrive - Cognizant\Desktop\Final\FinalBankingApplication\FinalBankingApplication)
2022-05-15 23:53:07 [restartedMain] DEBUG com.kiran.demo.BankingApplication -
				Running with Spring Boot v2.6.6, Spring v5.3.18
2022-05-15 23:53:07 [restartedMain] INFO  com.kiran.demo.BankingApplication -
				No active profile set, falling back to 1 default profile: "default"
2022-05-15 23:53:08 [restartedMain] INFO  com.kiran.demo.BankingApplication -
				Started BankingApplication in 0.637 seconds (JVM running for 2539.891)
2022-05-15 23:53:09 [http-nio-8080-exec-4] DEBUG c.k.demo.controller.loginController -
				Successfully Posted all Details of Customer 
2022-05-15 23:53:53 [restartedMain] INFO  com.kiran.demo.BankingApplication -
				Starting BankingApplication using Java 16.0.2 on LTIN290478 with PID 36616 (C:\Users\2072064\OneDrive - Cognizant\Desktop\Final\FinalBankingApplication\FinalBankingApplication\target\classes started by 2072064 in C:\Users\2072064\OneDrive - Cognizant\Desktop\Final\FinalBankingApplication\FinalBankingApplication)
2022-05-15 23:53:53 [restartedMain] DEBUG com.kiran.demo.BankingApplication -
				Running with Spring Boot v2.6.6, Spring v5.3.18
2022-05-15 23:53:53 [restartedMain] INFO  com.kiran.demo.BankingApplication -
				No active profile set, falling back to 1 default profile: "default"
2022-05-15 23:53:53 [restartedMain] INFO  com.kiran.demo.BankingApplication -
				Started BankingApplication in 0.797 seconds (JVM running for 2585.597)
2022-05-15 23:53:55 [http-nio-8080-exec-1] DEBUG c.k.demo.controller.loginController -
				Successfully Posted all Details of Customer 
2022-05-15 23:54:03 [restartedMain] INFO  com.kiran.demo.BankingApplication -
				Starting BankingApplication using Java 16.0.2 on LTIN290478 with PID 36616 (C:\Users\2072064\OneDrive - Cognizant\Desktop\Final\FinalBankingApplication\FinalBankingApplication\target\classes started by 2072064 in C:\Users\2072064\OneDrive - Cognizant\Desktop\Final\FinalBankingApplication\FinalBankingApplication)
2022-05-15 23:54:03 [restartedMain] DEBUG com.kiran.demo.BankingApplication -
				Running with Spring Boot v2.6.6, Spring v5.3.18
2022-05-15 23:54:03 [restartedMain] INFO  com.kiran.demo.BankingApplication -
				No active profile set, falling back to 1 default profile: "default"
2022-05-15 23:54:03 [restartedMain] INFO  com.kiran.demo.BankingApplication -
				Started BankingApplication in 0.945 seconds (JVM running for 2595.524)
2022-05-15 23:54:05 [http-nio-8080-exec-2] DEBUG c.k.demo.controller.loginController -
				Successfully Posted all Details of Customer 
