2022-05-11 11:32:05 [restartedMain] INFO  com.kiran.demo.BankingApplication -
				Starting BankingApplication using Java 16.0.2 on LTIN290478 with PID 29024 (C:\Users\2072064\OneDrive - Cognizant\Desktop\Final\FinalBankingApplication\FinalBankingApplication\target\classes started by 2072064 in C:\Users\2072064\OneDrive - Cognizant\Desktop\Final\FinalBankingApplication\FinalBankingApplication)
2022-05-11 11:32:05 [restartedMain] DEBUG com.kiran.demo.BankingApplication -
				Running with Spring Boot v2.6.6, Spring v5.3.18
2022-05-11 11:32:05 [restartedMain] INFO  com.kiran.demo.BankingApplication -
				No active profile set, falling back to 1 default profile: "default"
2022-05-11 11:32:10 [restartedMain] INFO  com.kiran.demo.BankingApplication -
				Started BankingApplication in 5.34 seconds (JVM running for 6.337)
2022-05-11 11:32:20 [http-nio-8080-exec-1] DEBUG c.k.demo.controller.loginController -
				Successfully Posted all Details of Customer 
2022-05-11 11:32:20 [http-nio-8080-exec-1] DEBUG c.k.demo.service.addCustomerService -
				 Add Customer Details
2022-05-11 11:32:20 [http-nio-8080-exec-1] INFO  c.k.demo.service.addCustomerService -
				 Successfully added new customer Details 
2022-05-11 11:32:29 [http-nio-8080-exec-4] DEBUG c.k.demo.controller.loginController -
				Successfully Posted all Details of Customer 
2022-05-11 11:32:29 [http-nio-8080-exec-4] DEBUG c.k.demo.service.addCustomerService -
				 Add Customer Details
2022-05-11 11:32:29 [http-nio-8080-exec-4] INFO  c.k.demo.service.addCustomerService -
				 Successfully added new customer Details 
2022-05-11 11:33:58 [restartedMain] INFO  com.kiran.demo.BankingApplication -
				Starting BankingApplication using Java 16.0.2 on LTIN290478 with PID 22912 (C:\Users\2072064\OneDrive - Cognizant\Desktop\Final\FinalBankingApplication\FinalBankingApplication\target\classes started by 2072064 in C:\Users\2072064\OneDrive - Cognizant\Desktop\Final\FinalBankingApplication\FinalBankingApplication)
2022-05-11 11:33:58 [restartedMain] DEBUG com.kiran.demo.BankingApplication -
				Running with Spring Boot v2.6.6, Spring v5.3.18
2022-05-11 11:33:58 [restartedMain] INFO  com.kiran.demo.BankingApplication -
				No active profile set, falling back to 1 default profile: "default"
2022-05-11 11:34:02 [restartedMain] INFO  com.kiran.demo.BankingApplication -
				Started BankingApplication in 4.609 seconds (JVM running for 5.571)
2022-05-11 11:37:55 [restartedMain] INFO  com.kiran.demo.BankingApplication -
				Starting BankingApplication using Java 16.0.2 on LTIN290478 with PID 22912 (C:\Users\2072064\OneDrive - Cognizant\Desktop\Final\FinalBankingApplication\FinalBankingApplication\target\classes started by 2072064 in C:\Users\2072064\OneDrive - Cognizant\Desktop\Final\FinalBankingApplication\FinalBankingApplication)
2022-05-11 11:37:55 [restartedMain] DEBUG com.kiran.demo.BankingApplication -
				Running with Spring Boot v2.6.6, Spring v5.3.18
2022-05-11 11:37:55 [restartedMain] INFO  com.kiran.demo.BankingApplication -
				No active profile set, falling back to 1 default profile: "default"
2022-05-11 11:37:56 [restartedMain] INFO  com.kiran.demo.BankingApplication -
				Started BankingApplication in 0.786 seconds (JVM running for 239.034)
2022-05-11 11:40:57 [restartedMain] INFO  com.kiran.demo.BankingApplication -
				Starting BankingApplication using Java 16.0.2 on LTIN290478 with PID 32984 (C:\Users\2072064\OneDrive - Cognizant\Desktop\Final\FinalBankingApplication\FinalBankingApplication\target\classes started by 2072064 in C:\Users\2072064\OneDrive - Cognizant\Desktop\Final\FinalBankingApplication\FinalBankingApplication)
2022-05-11 11:40:57 [restartedMain] DEBUG com.kiran.demo.BankingApplication -
				Running with Spring Boot v2.6.6, Spring v5.3.18
2022-05-11 11:40:57 [restartedMain] INFO  com.kiran.demo.BankingApplication -
				No active profile set, falling back to 1 default profile: "default"
2022-05-11 11:41:01 [restartedMain] INFO  com.kiran.demo.BankingApplication -
				Started BankingApplication in 4.531 seconds (JVM running for 5.616)
2022-05-11 11:41:27 [http-nio-8080-exec-3] DEBUG c.k.demo.controller.loginController -
				 Provide All customer details 
2022-05-11 11:41:27 [http-nio-8080-exec-3] DEBUG c.k.demo.service.addCustomerService -
				 Get all Customer Details
2022-05-11 11:41:27 [http-nio-8080-exec-3] INFO  c.k.demo.service.addCustomerService -
				 Successfully got all customer Details 
2022-05-11 11:41:51 [http-nio-8080-exec-9] DEBUG c.k.demo.controller.loginController -
				 Transfering of Money is Successfull
2022-05-11 11:41:59 [http-nio-8080-exec-5] DEBUG c.k.demo.controller.loginController -
				 Provide All customer details 
2022-05-11 11:41:59 [http-nio-8080-exec-5] DEBUG c.k.demo.service.addCustomerService -
				 Get all Customer Details
2022-05-11 11:41:59 [http-nio-8080-exec-5] INFO  c.k.demo.service.addCustomerService -
				 Successfully got all customer Details 
2022-05-11 11:45:59 [http-nio-8080-exec-9] DEBUG c.k.demo.controller.loginController -
				 Transfering of Money is Successfull
2022-05-11 11:46:06 [http-nio-8080-exec-5] DEBUG c.k.demo.controller.loginController -
				 Provide All customer details 
2022-05-11 11:46:06 [http-nio-8080-exec-5] DEBUG c.k.demo.service.addCustomerService -
				 Get all Customer Details
2022-05-11 11:46:06 [http-nio-8080-exec-5] INFO  c.k.demo.service.addCustomerService -
				 Successfully got all customer Details 
2022-05-11 11:46:12 [http-nio-8080-exec-1] DEBUG c.k.demo.controller.loginController -
				 Providing the Account Statement 
2022-05-11 11:46:16 [http-nio-8080-exec-8] DEBUG c.k.demo.controller.loginController -
				 Providing the Account Statement 
2022-05-11 11:46:19 [http-nio-8080-exec-6] DEBUG c.k.demo.controller.loginController -
				 Providing the Account Statement 
2022-05-11 11:46:22 [http-nio-8080-exec-2] DEBUG c.k.demo.controller.loginController -
				 Providing the Account Statement 
2022-05-11 11:47:44 [http-nio-8080-exec-10] DEBUG c.k.demo.controller.loginController -
				 Transfering of Money is Successfull
2022-05-11 11:47:58 [http-nio-8080-exec-3] DEBUG c.k.demo.controller.loginController -
				 Provide All customer details 
2022-05-11 11:47:58 [http-nio-8080-exec-3] DEBUG c.k.demo.service.addCustomerService -
				 Get all Customer Details
2022-05-11 11:47:58 [http-nio-8080-exec-3] INFO  c.k.demo.service.addCustomerService -
				 Successfully got all customer Details 
2022-05-11 11:48:28 [restartedMain] INFO  com.kiran.demo.BankingApplication -
				Starting BankingApplication using Java 16.0.2 on LTIN290478 with PID 32984 (C:\Users\2072064\OneDrive - Cognizant\Desktop\Final\FinalBankingApplication\FinalBankingApplication\target\classes started by 2072064 in C:\Users\2072064\OneDrive - Cognizant\Desktop\Final\FinalBankingApplication\FinalBankingApplication)
2022-05-11 11:48:28 [restartedMain] DEBUG com.kiran.demo.BankingApplication -
				Running with Spring Boot v2.6.6, Spring v5.3.18
2022-05-11 11:48:28 [restartedMain] INFO  com.kiran.demo.BankingApplication -
				No active profile set, falling back to 1 default profile: "default"
2022-05-11 11:48:29 [restartedMain] INFO  com.kiran.demo.BankingApplication -
				Started BankingApplication in 0.7 seconds (JVM running for 453.52)
