2022-05-11 12:13:48 [restartedMain] INFO  com.kiran.demo.BankingApplication -
				Starting BankingApplication using Java 15.0.1 on LTIN197773 with PID 19540 (C:\Users\2071748\git\FinalBankingApplication\target\classes started by 2071748 in C:\Users\2071748\git\FinalBankingApplication)
2022-05-11 12:13:48 [restartedMain] DEBUG com.kiran.demo.BankingApplication -
				Running with Spring Boot v2.6.6, Spring v5.3.18
2022-05-11 12:13:48 [restartedMain] INFO  com.kiran.demo.BankingApplication -
				No active profile set, falling back to 1 default profile: "default"
2022-05-11 12:13:50 [restartedMain] INFO  com.kiran.demo.BankingApplication -
				Started BankingApplication in 2.685 seconds (JVM running for 2243.926)
2022-05-11 12:14:39 [http-nio-8080-exec-1] INFO  c.k.demo.controller.loginController -
				Checking the Active Status
2022-05-11 12:14:39 [http-nio-8080-exec-1] DEBUG c.k.demo.service.CheckActiveService -
				 Verified That Account is Active or Not 
2022-05-11 12:21:35 [restartedMain] INFO  com.kiran.demo.BankingApplication -
				Starting BankingApplication using Java 15.0.1 on LTIN197773 with PID 2652 (C:\Users\2071748\git\FinalBankingApplication\target\classes started by 2071748 in C:\Users\2071748\git\FinalBankingApplication)
2022-05-11 12:21:35 [restartedMain] DEBUG com.kiran.demo.BankingApplication -
				Running with Spring Boot v2.6.6, Spring v5.3.18
2022-05-11 12:21:35 [restartedMain] INFO  com.kiran.demo.BankingApplication -
				No active profile set, falling back to 1 default profile: "default"
2022-05-11 12:23:08 [restartedMain] INFO  com.kiran.demo.BankingApplication -
				Starting BankingApplication using Java 15.0.1 on LTIN197773 with PID 18384 (C:\Users\2071748\git\FinalBankingApplication\target\classes started by 2071748 in C:\Users\2071748\git\FinalBankingApplication)
2022-05-11 12:23:08 [restartedMain] DEBUG com.kiran.demo.BankingApplication -
				Running with Spring Boot v2.6.6, Spring v5.3.18
2022-05-11 12:23:08 [restartedMain] INFO  com.kiran.demo.BankingApplication -
				No active profile set, falling back to 1 default profile: "default"
2022-05-11 12:33:33 [restartedMain] INFO  com.kiran.demo.BankingApplication -
				Starting BankingApplication using Java 15.0.1 on LTIN197773 with PID 13112 (C:\Users\2071748\git\FinalBankingApplication\target\classes started by 2071748 in C:\Users\2071748\git\FinalBankingApplication)
2022-05-11 12:33:33 [restartedMain] DEBUG com.kiran.demo.BankingApplication -
				Running with Spring Boot v2.6.6, Spring v5.3.18
2022-05-11 12:33:33 [restartedMain] INFO  com.kiran.demo.BankingApplication -
				No active profile set, falling back to 1 default profile: "default"
2022-05-11 12:33:44 [restartedMain] INFO  com.kiran.demo.BankingApplication -
				Started BankingApplication in 12.48 seconds (JVM running for 15.19)
2022-05-11 12:33:52 [http-nio-8080-exec-1] INFO  c.k.demo.controller.loginController -
				Checking the Active Status
2022-05-11 12:33:53 [http-nio-8080-exec-1] DEBUG c.k.demo.service.CheckActiveService -
				 Verified That Account is Active or Not 
2022-05-11 12:39:07 [restartedMain] INFO  com.kiran.demo.BankingApplication -
				Starting BankingApplication using Java 15.0.1 on LTIN197773 with PID 13112 (C:\Users\2071748\git\FinalBankingApplication\target\classes started by 2071748 in C:\Users\2071748\git\FinalBankingApplication)
2022-05-11 12:39:07 [restartedMain] DEBUG com.kiran.demo.BankingApplication -
				Running with Spring Boot v2.6.6, Spring v5.3.18
2022-05-11 12:39:07 [restartedMain] INFO  com.kiran.demo.BankingApplication -
				No active profile set, falling back to 1 default profile: "default"
2022-05-11 12:39:09 [restartedMain] INFO  com.kiran.demo.BankingApplication -
				Started BankingApplication in 1.901 seconds (JVM running for 340.078)
2022-05-11 12:39:23 [restartedMain] INFO  com.kiran.demo.BankingApplication -
				Starting BankingApplication using Java 15.0.1 on LTIN197773 with PID 13112 (C:\Users\2071748\git\FinalBankingApplication\target\classes started by 2071748 in C:\Users\2071748\git\FinalBankingApplication)
2022-05-11 12:39:23 [restartedMain] DEBUG com.kiran.demo.BankingApplication -
				Running with Spring Boot v2.6.6, Spring v5.3.18
2022-05-11 12:39:23 [restartedMain] INFO  com.kiran.demo.BankingApplication -
				No active profile set, falling back to 1 default profile: "default"
2022-05-11 12:39:25 [restartedMain] INFO  com.kiran.demo.BankingApplication -
				Started BankingApplication in 1.505 seconds (JVM running for 355.806)
2022-05-11 12:39:46 [restartedMain] INFO  com.kiran.demo.BankingApplication -
				Starting BankingApplication using Java 15.0.1 on LTIN197773 with PID 1648 (C:\Users\2071748\git\FinalBankingApplication\target\classes started by 2071748 in C:\Users\2071748\git\FinalBankingApplication)
2022-05-11 12:39:46 [restartedMain] DEBUG com.kiran.demo.BankingApplication -
				Running with Spring Boot v2.6.6, Spring v5.3.18
2022-05-11 12:39:46 [restartedMain] INFO  com.kiran.demo.BankingApplication -
				No active profile set, falling back to 1 default profile: "default"
2022-05-11 12:41:09 [http-nio-8080-exec-1] DEBUG c.k.demo.controller.loginController -
				 Transfering of Money is Successfull
